<?xml version="1.0" encoding="UTF-8" standalone="no"?>
<testsuite failures="1" name="cucumber.runtime.formatter.JUnitFormatter" skipped="0" tests="4" time="96.426509">
    <testcase classname="Customer Operation" name="Add a new customer in customer page" time="41.065031">
        <system-out>
            <![CDATA[And User Enter email as "admin@yourstore.com" and password as "admin".......passed
And Click on Login..........................................................passed
Then user should land on the Dashboard page.................................passed
Then user should click on customer which is on the left sidebar.............passed
Then Click on Customer submenu of Customer menubar..........................passed
Then Click on Add New button................................................passed
Then User should fill all the details and save it...........................passed
Then User can see the confirmation message as "The new customer has been added successfully".passed
Then click on logout........................................................passed
]]>
        </system-out>
    </testcase>
    <testcase classname="Customer Operation" name="Search Customer By emailID" time="30.948923">
        <system-out>
            <![CDATA[And User Enter email as "admin@yourstore.com" and password as "admin".......passed
And Click on Login..........................................................passed
Then user should land on the Dashboard page.................................passed
Then user should click on customer which is on the left sidebar.............passed
Then Click on Customer submenu of Customer menubar..........................passed
And Enter Customer EmailID..................................................passed
When Click on Search button.................................................passed
Then User should found Email on the search table............................passed
]]>
        </system-out>
    </testcase>
    <testcase classname="Login into nopCommerce" name="Login with valid credentials using data driven" time="13.952842">
        <system-out>
            <![CDATA[And User Enter email as "admin@yourstore.com" and password as "admin".......passed
And Click on Login..........................................................passed
Then Page title should be "Dashboard / nopCommerce administration"..........passed
]]>
        </system-out>
    </testcase>
    <testcase classname="Login into nopCommerce" name="Login with valid credentials using data driven 2" time="10.459713">
        <failure message="java.lang.AssertionError: expected [Your store. Login] but found [Your store. Logins]&#13;&#10;&#9;at org.testng.Assert.fail(Assert.java:94)&#13;&#10;&#9;at org.testng.Assert.failNotEquals(Assert.java:513)&#13;&#10;&#9;at org.testng.Assert.assertEqualsImpl(Assert.java:135)&#13;&#10;&#9;at org.testng.Assert.assertEquals(Assert.java:116)&#13;&#10;&#9;at org.testng.Assert.assertEquals(Assert.java:190)&#13;&#10;&#9;at org.testng.Assert.assertEquals(Assert.java:200)&#13;&#10;&#9;at stepDefinations.Steps.page_title_should_be(Steps.java:116)&#13;&#10;&#9;at ✽.Then Page title should be &quot;Your store. Logins&quot;(./Features/Login.feature:7)&#13;&#10;">
            <![CDATA[And User Enter email as "admin@yourstore.com" and password as "admin1"......passed
And Click on Login..........................................................passed
Then Page title should be "Your store. Logins"..............................failed

StackTrace:
java.lang.AssertionError: expected [Your store. Login] but found [Your store. Logins]
	at org.testng.Assert.fail(Assert.java:94)
	at org.testng.Assert.failNotEquals(Assert.java:513)
	at org.testng.Assert.assertEqualsImpl(Assert.java:135)
	at org.testng.Assert.assertEquals(Assert.java:116)
	at org.testng.Assert.assertEquals(Assert.java:190)
	at org.testng.Assert.assertEquals(Assert.java:200)
	at stepDefinations.Steps.page_title_should_be(Steps.java:116)
	at ✽.Then Page title should be "Your store. Logins"(./Features/Login.feature:7)
]]>
        </failure>
    </testcase>
</testsuite>
